[INFO  - 2018-06-18T11:13:02.888Z] GhostDriver - Main - running on port 7549
[INFO  - 2018-06-18T11:13:03.828Z] Session [91c276e0-72e8-11e8-ad87-539098e670b7] - page.settings - {"XSSAuditingEnabled":false,"javascriptCanCloseWindows":true,"javascriptCanOpenWindows":true,"javascriptEnabled":true,"loadImages":true,"localToRemoteUrlAccessEnabled":false,"userAgent":"Mozilla/5.0 (Macintosh; Intel Mac OS X) AppleWebKit/538.1 (KHTML, like Gecko) PhantomJS/2.1.1 Safari/538.1","webSecurityEnabled":true}
[INFO  - 2018-06-18T11:13:03.828Z] Session [91c276e0-72e8-11e8-ad87-539098e670b7] - page.customHeaders:  - {}
[INFO  - 2018-06-18T11:13:03.828Z] Session [91c276e0-72e8-11e8-ad87-539098e670b7] - Session.negotiatedCapabilities - {"browserName":"phantomjs","version":"2.1.1","driverName":"ghostdriver","driverVersion":"1.2.0","platform":"mac-unknown-64bit","javascriptEnabled":true,"takesScreenshot":true,"handlesAlerts":false,"databaseEnabled":false,"locationContextEnabled":false,"applicationCacheEnabled":false,"browserConnectionEnabled":false,"cssSelectorsEnabled":true,"webStorageEnabled":false,"rotatable":false,"acceptSslCerts":false,"nativeEvents":true,"proxy":{"proxyType":"direct"}}
[INFO  - 2018-06-18T11:13:03.828Z] SessionManagerReqHand - _postNewSessionCommand - New Session Created: 91c276e0-72e8-11e8-ad87-539098e670b7
[ERROR - 2018-06-18T11:13:04.173Z] RouterReqHand - _handle.error - {"name":"Missing Command Parameter","message":"{\"headers\":{\"Accept\":\"application/json\",\"Cache-Control\":\"no-cache\",\"Connection\":\"close\",\"Content-Length\":\"2\",\"Content-Type\":\"application/json; charset=utf-8\",\"Host\":\"localhost:7549\",\"Pragma\":\"no-cache\",\"User-Agent\":\"webdriverio/webdriverio/4.12.0\"},\"httpVersion\":\"1.1\",\"method\":\"POST\",\"post\":\"{}\",\"url\":\"/window/fullscreen\",\"urlParsed\":{\"anchor\":\"\",\"query\":\"\",\"file\":\"fullscreen\",\"directory\":\"/window/\",\"path\":\"/window/fullscreen\",\"relative\":\"/window/fullscreen\",\"port\":\"\",\"host\":\"\",\"password\":\"\",\"user\":\"\",\"userInfo\":\"\",\"authority\":\"\",\"protocol\":\"\",\"source\":\"/window/fullscreen\",\"queryKey\":{},\"chunks\":[\"window\",\"fullscreen\"]},\"urlOriginal\":\"/session/91c276e0-72e8-11e8-ad87-539098e670b7/window/fullscreen\"}","line":263,"sourceURL":"phantomjs://code/session_request_handler.js","stack":"_doWindowHandleCommands@phantomjs://code/session_request_handler.js:263:73\n_handle@phantomjs://code/session_request_handler.js:105:36\n_reroute@phantomjs://code/request_handler.js:61:20\n_handle@phantomjs://code/router_request_handler.js:78:46"}
[ERROR - 2018-06-18T11:15:37.404Z] RouterReqHand - _handle.error - {"name":"Variable Resource Not Found","message":"{\"headers\":{\"Accept\":\"text/html, image/gif, image/jpeg, *; q=.2, */*; q=.2\",\"Cache-Control\":\"no-cache\",\"Connection\":\"close\",\"Host\":\"localhost:7549\",\"Pragma\":\"no-cache\",\"User-Agent\":\"Java/10.0.1\"},\"httpVersion\":\"1.1\",\"method\":\"DELETE\",\"url\":\"/session/91c276e0-72e8-11e8-ad87-539098e670b7\",\"urlParsed\":{\"anchor\":\"\",\"query\":\"\",\"file\":\"91c276e0-72e8-11e8-ad87-539098e670b7\",\"directory\":\"/session/\",\"path\":\"/session/91c276e0-72e8-11e8-ad87-539098e670b7\",\"relative\":\"/session/91c276e0-72e8-11e8-ad87-539098e670b7\",\"port\":\"\",\"host\":\"\",\"password\":\"\",\"user\":\"\",\"userInfo\":\"\",\"authority\":\"\",\"protocol\":\"\",\"source\":\"/session/91c276e0-72e8-11e8-ad87-539098e670b7\",\"queryKey\":{},\"chunks\":[\"session\",\"91c276e0-72e8-11e8-ad87-539098e670b7\"]}}","line":123,"sourceURL":"phantomjs://code/session_manager_request_handler.js","stack":"_deleteSessionCommand@phantomjs://code/session_manager_request_handler.js:123:74\n_handle@phantomjs://code/session_manager_request_handler.js:53:38\n_handle@phantomjs://code/router_request_handler.js:70:37"}
[INFO  - 2018-06-18T11:15:37.410Z] ShutdownReqHand - _handle - About to shutdown
[INFO  - 2018-06-18T11:15:44.064Z] GhostDriver - Main - running on port 34640
[INFO  - 2018-06-18T11:15:44.166Z] Session [f153f2f0-72e8-11e8-8b9e-97bbab0cf98d] - page.settings - {"XSSAuditingEnabled":false,"javascriptCanCloseWindows":true,"javascriptCanOpenWindows":true,"javascriptEnabled":true,"loadImages":true,"localToRemoteUrlAccessEnabled":false,"userAgent":"Mozilla/5.0 (Macintosh; Intel Mac OS X) AppleWebKit/538.1 (KHTML, like Gecko) PhantomJS/2.1.1 Safari/538.1","webSecurityEnabled":true}
[INFO  - 2018-06-18T11:15:44.166Z] Session [f153f2f0-72e8-11e8-8b9e-97bbab0cf98d] - page.customHeaders:  - {}
[INFO  - 2018-06-18T11:15:44.166Z] Session [f153f2f0-72e8-11e8-8b9e-97bbab0cf98d] - Session.negotiatedCapabilities - {"browserName":"phantomjs","version":"2.1.1","driverName":"ghostdriver","driverVersion":"1.2.0","platform":"mac-unknown-64bit","javascriptEnabled":true,"takesScreenshot":true,"handlesAlerts":false,"databaseEnabled":false,"locationContextEnabled":false,"applicationCacheEnabled":false,"browserConnectionEnabled":false,"cssSelectorsEnabled":true,"webStorageEnabled":false,"rotatable":false,"acceptSslCerts":false,"nativeEvents":true,"proxy":{"proxyType":"direct"}}
[INFO  - 2018-06-18T11:15:44.166Z] SessionManagerReqHand - _postNewSessionCommand - New Session Created: f153f2f0-72e8-11e8-8b9e-97bbab0cf98d
[ERROR - 2018-06-18T11:15:44.242Z] RouterReqHand - _handle.error - {"name":"Missing Command Parameter","message":"{\"headers\":{\"Accept\":\"application/json\",\"Cache-Control\":\"no-cache\",\"Connection\":\"close\",\"Content-Length\":\"2\",\"Content-Type\":\"application/json; charset=utf-8\",\"Host\":\"localhost:34640\",\"Pragma\":\"no-cache\",\"User-Agent\":\"webdriverio/webdriverio/4.12.0\"},\"httpVersion\":\"1.1\",\"method\":\"POST\",\"post\":\"{}\",\"url\":\"/window/fullscreen\",\"urlParsed\":{\"anchor\":\"\",\"query\":\"\",\"file\":\"fullscreen\",\"directory\":\"/window/\",\"path\":\"/window/fullscreen\",\"relative\":\"/window/fullscreen\",\"port\":\"\",\"host\":\"\",\"password\":\"\",\"user\":\"\",\"userInfo\":\"\",\"authority\":\"\",\"protocol\":\"\",\"source\":\"/window/fullscreen\",\"queryKey\":{},\"chunks\":[\"window\",\"fullscreen\"]},\"urlOriginal\":\"/session/f153f2f0-72e8-11e8-8b9e-97bbab0cf98d/window/fullscreen\"}","line":263,"sourceURL":"phantomjs://code/session_request_handler.js","stack":"_doWindowHandleCommands@phantomjs://code/session_request_handler.js:263:73\n_handle@phantomjs://code/session_request_handler.js:105:36\n_reroute@phantomjs://code/request_handler.js:61:20\n_handle@phantomjs://code/router_request_handler.js:78:46"}
[INFO  - 2018-06-18T11:16:54.387Z] GhostDriver - Main - running on port 17378
[INFO  - 2018-06-18T11:16:54.626Z] Session [1b5323a0-72e9-11e8-a768-d9a5617b74d0] - page.settings - {"XSSAuditingEnabled":false,"javascriptCanCloseWindows":true,"javascriptCanOpenWindows":true,"javascriptEnabled":true,"loadImages":true,"localToRemoteUrlAccessEnabled":false,"userAgent":"Mozilla/5.0 (Macintosh; Intel Mac OS X) AppleWebKit/538.1 (KHTML, like Gecko) PhantomJS/2.1.1 Safari/538.1","webSecurityEnabled":true}
[INFO  - 2018-06-18T11:16:54.626Z] Session [1b5323a0-72e9-11e8-a768-d9a5617b74d0] - page.customHeaders:  - {}
[INFO  - 2018-06-18T11:16:54.626Z] Session [1b5323a0-72e9-11e8-a768-d9a5617b74d0] - Session.negotiatedCapabilities - {"browserName":"phantomjs","version":"2.1.1","driverName":"ghostdriver","driverVersion":"1.2.0","platform":"mac-unknown-64bit","javascriptEnabled":true,"takesScreenshot":true,"handlesAlerts":false,"databaseEnabled":false,"locationContextEnabled":false,"applicationCacheEnabled":false,"browserConnectionEnabled":false,"cssSelectorsEnabled":true,"webStorageEnabled":false,"rotatable":false,"acceptSslCerts":false,"nativeEvents":true,"proxy":{"proxyType":"direct"}}
[INFO  - 2018-06-18T11:16:54.627Z] SessionManagerReqHand - _postNewSessionCommand - New Session Created: 1b5323a0-72e9-11e8-a768-d9a5617b74d0
[ERROR - 2018-06-18T11:16:54.705Z] RouterReqHand - _handle.error - {"name":"Missing Command Parameter","message":"{\"headers\":{\"Accept\":\"application/json\",\"Cache-Control\":\"no-cache\",\"Connection\":\"close\",\"Content-Length\":\"2\",\"Content-Type\":\"application/json; charset=utf-8\",\"Host\":\"localhost:17378\",\"Pragma\":\"no-cache\",\"User-Agent\":\"webdriverio/webdriverio/4.12.0\"},\"httpVersion\":\"1.1\",\"method\":\"POST\",\"post\":\"{}\",\"url\":\"/window/fullscreen\",\"urlParsed\":{\"anchor\":\"\",\"query\":\"\",\"file\":\"fullscreen\",\"directory\":\"/window/\",\"path\":\"/window/fullscreen\",\"relative\":\"/window/fullscreen\",\"port\":\"\",\"host\":\"\",\"password\":\"\",\"user\":\"\",\"userInfo\":\"\",\"authority\":\"\",\"protocol\":\"\",\"source\":\"/window/fullscreen\",\"queryKey\":{},\"chunks\":[\"window\",\"fullscreen\"]},\"urlOriginal\":\"/session/1b5323a0-72e9-11e8-a768-d9a5617b74d0/window/fullscreen\"}","line":263,"sourceURL":"phantomjs://code/session_request_handler.js","stack":"_doWindowHandleCommands@phantomjs://code/session_request_handler.js:263:73\n_handle@phantomjs://code/session_request_handler.js:105:36\n_reroute@phantomjs://code/request_handler.js:61:20\n_handle@phantomjs://code/router_request_handler.js:78:46"}
[INFO  - 2018-06-18T11:20:44.080Z] SessionManagerReqHand - _cleanupWindowlessSessions - Asynchronous Sessions clean-up phase starting NOW
[ERROR - 2018-06-18T11:20:56.822Z] RouterReqHand - _handle.error - {"name":"Variable Resource Not Found","message":"{\"headers\":{\"Accept\":\"text/html, image/gif, image/jpeg, *; q=.2, */*; q=.2\",\"Cache-Control\":\"no-cache\",\"Connection\":\"close\",\"Host\":\"localhost:34640\",\"Pragma\":\"no-cache\",\"User-Agent\":\"Java/10.0.1\"},\"httpVersion\":\"1.1\",\"method\":\"DELETE\",\"url\":\"/session/f153f2f0-72e8-11e8-8b9e-97bbab0cf98d\",\"urlParsed\":{\"anchor\":\"\",\"query\":\"\",\"file\":\"f153f2f0-72e8-11e8-8b9e-97bbab0cf98d\",\"directory\":\"/session/\",\"path\":\"/session/f153f2f0-72e8-11e8-8b9e-97bbab0cf98d\",\"relative\":\"/session/f153f2f0-72e8-11e8-8b9e-97bbab0cf98d\",\"port\":\"\",\"host\":\"\",\"password\":\"\",\"user\":\"\",\"userInfo\":\"\",\"authority\":\"\",\"protocol\":\"\",\"source\":\"/session/f153f2f0-72e8-11e8-8b9e-97bbab0cf98d\",\"queryKey\":{},\"chunks\":[\"session\",\"f153f2f0-72e8-11e8-8b9e-97bbab0cf98d\"]}}","line":123,"sourceURL":"phantomjs://code/session_manager_request_handler.js","stack":"_deleteSessionCommand@phantomjs://code/session_manager_request_handler.js:123:74\n_handle@phantomjs://code/session_manager_request_handler.js:53:38\n_handle@phantomjs://code/router_request_handler.js:70:37"}
[INFO  - 2018-06-18T11:20:56.828Z] ShutdownReqHand - _handle - About to shutdown
[INFO  - 2018-06-18T11:21:54.397Z] SessionManagerReqHand - _cleanupWindowlessSessions - Asynchronous Sessions clean-up phase starting NOW
[INFO  - 2018-06-18T11:29:47.592Z] GhostDriver - Main - running on port 18963
[INFO  - 2018-06-18T11:29:47.649Z] Session [e8153da0-72ea-11e8-82cf-636bc9537cea] - page.settings - {"XSSAuditingEnabled":false,"javascriptCanCloseWindows":true,"javascriptCanOpenWindows":true,"javascriptEnabled":true,"loadImages":true,"localToRemoteUrlAccessEnabled":false,"userAgent":"Mozilla/5.0 (Macintosh; Intel Mac OS X) AppleWebKit/538.1 (KHTML, like Gecko) PhantomJS/2.1.1 Safari/538.1","webSecurityEnabled":true}
[INFO  - 2018-06-18T11:29:47.649Z] Session [e8153da0-72ea-11e8-82cf-636bc9537cea] - page.customHeaders:  - {}
[INFO  - 2018-06-18T11:29:47.649Z] Session [e8153da0-72ea-11e8-82cf-636bc9537cea] - Session.negotiatedCapabilities - {"browserName":"phantomjs","version":"2.1.1","driverName":"ghostdriver","driverVersion":"1.2.0","platform":"mac-unknown-64bit","javascriptEnabled":true,"takesScreenshot":true,"handlesAlerts":false,"databaseEnabled":false,"locationContextEnabled":false,"applicationCacheEnabled":false,"browserConnectionEnabled":false,"cssSelectorsEnabled":true,"webStorageEnabled":false,"rotatable":false,"acceptSslCerts":false,"nativeEvents":true,"proxy":{"proxyType":"direct"}}
[INFO  - 2018-06-18T11:29:47.650Z] SessionManagerReqHand - _postNewSessionCommand - New Session Created: e8153da0-72ea-11e8-82cf-636bc9537cea
[ERROR - 2018-06-18T11:29:47.726Z] RouterReqHand - _handle.error - {"name":"Missing Command Parameter","message":"{\"headers\":{\"Accept\":\"application/json\",\"Cache-Control\":\"no-cache\",\"Connection\":\"close\",\"Content-Length\":\"2\",\"Content-Type\":\"application/json; charset=utf-8\",\"Host\":\"localhost:18963\",\"Pragma\":\"no-cache\",\"User-Agent\":\"webdriverio/webdriverio/4.12.0\"},\"httpVersion\":\"1.1\",\"method\":\"POST\",\"post\":\"{}\",\"url\":\"/window/fullscreen\",\"urlParsed\":{\"anchor\":\"\",\"query\":\"\",\"file\":\"fullscreen\",\"directory\":\"/window/\",\"path\":\"/window/fullscreen\",\"relative\":\"/window/fullscreen\",\"port\":\"\",\"host\":\"\",\"password\":\"\",\"user\":\"\",\"userInfo\":\"\",\"authority\":\"\",\"protocol\":\"\",\"source\":\"/window/fullscreen\",\"queryKey\":{},\"chunks\":[\"window\",\"fullscreen\"]},\"urlOriginal\":\"/session/e8153da0-72ea-11e8-82cf-636bc9537cea/window/fullscreen\"}","line":263,"sourceURL":"phantomjs://code/session_request_handler.js","stack":"_doWindowHandleCommands@phantomjs://code/session_request_handler.js:263:73\n_handle@phantomjs://code/session_request_handler.js:105:36\n_reroute@phantomjs://code/request_handler.js:61:20\n_handle@phantomjs://code/router_request_handler.js:78:46"}
[INFO  - 2018-06-18T11:34:47.937Z] SessionManagerReqHand - _cleanupWindowlessSessions - Asynchronous Sessions clean-up phase starting NOW
[INFO  - 2018-06-18T11:39:47.957Z] SessionManagerReqHand - _cleanupWindowlessSessions - Asynchronous Sessions clean-up phase starting NOW
[INFO  - 2018-06-18T11:44:47.968Z] SessionManagerReqHand - _cleanupWindowlessSessions - Asynchronous Sessions clean-up phase starting NOW
[INFO  - 2018-06-18T11:44:51.185Z] GhostDriver - Main - running on port 44337
[INFO  - 2018-06-18T11:44:51.232Z] Session [02a95eb0-72ed-11e8-b268-bb9801c0b836] - page.settings - {"XSSAuditingEnabled":false,"javascriptCanCloseWindows":true,"javascriptCanOpenWindows":true,"javascriptEnabled":true,"loadImages":true,"localToRemoteUrlAccessEnabled":false,"userAgent":"Mozilla/5.0 (Macintosh; Intel Mac OS X) AppleWebKit/538.1 (KHTML, like Gecko) PhantomJS/2.1.1 Safari/538.1","webSecurityEnabled":true}
[INFO  - 2018-06-18T11:44:51.232Z] Session [02a95eb0-72ed-11e8-b268-bb9801c0b836] - page.customHeaders:  - {}
[INFO  - 2018-06-18T11:44:51.232Z] Session [02a95eb0-72ed-11e8-b268-bb9801c0b836] - Session.negotiatedCapabilities - {"browserName":"phantomjs","version":"2.1.1","driverName":"ghostdriver","driverVersion":"1.2.0","platform":"mac-unknown-64bit","javascriptEnabled":true,"takesScreenshot":true,"handlesAlerts":false,"databaseEnabled":false,"locationContextEnabled":false,"applicationCacheEnabled":false,"browserConnectionEnabled":false,"cssSelectorsEnabled":true,"webStorageEnabled":false,"rotatable":false,"acceptSslCerts":false,"nativeEvents":true,"proxy":{"proxyType":"direct"}}
[INFO  - 2018-06-18T11:44:51.233Z] SessionManagerReqHand - _postNewSessionCommand - New Session Created: 02a95eb0-72ed-11e8-b268-bb9801c0b836
[ERROR - 2018-06-18T11:44:51.313Z] RouterReqHand - _handle.error - {"name":"Missing Command Parameter","message":"{\"headers\":{\"Accept\":\"application/json\",\"Cache-Control\":\"no-cache\",\"Connection\":\"close\",\"Content-Length\":\"2\",\"Content-Type\":\"application/json; charset=utf-8\",\"Host\":\"localhost:44337\",\"Pragma\":\"no-cache\",\"User-Agent\":\"webdriverio/webdriverio/4.12.0\"},\"httpVersion\":\"1.1\",\"method\":\"POST\",\"post\":\"{}\",\"url\":\"/window/fullscreen\",\"urlParsed\":{\"anchor\":\"\",\"query\":\"\",\"file\":\"fullscreen\",\"directory\":\"/window/\",\"path\":\"/window/fullscreen\",\"relative\":\"/window/fullscreen\",\"port\":\"\",\"host\":\"\",\"password\":\"\",\"user\":\"\",\"userInfo\":\"\",\"authority\":\"\",\"protocol\":\"\",\"source\":\"/window/fullscreen\",\"queryKey\":{},\"chunks\":[\"window\",\"fullscreen\"]},\"urlOriginal\":\"/session/02a95eb0-72ed-11e8-b268-bb9801c0b836/window/fullscreen\"}","line":263,"sourceURL":"phantomjs://code/session_request_handler.js","stack":"_doWindowHandleCommands@phantomjs://code/session_request_handler.js:263:73\n_handle@phantomjs://code/session_request_handler.js:105:36\n_reroute@phantomjs://code/request_handler.js:61:20\n_handle@phantomjs://code/router_request_handler.js:78:46"}
[INFO  - 2018-06-18T11:49:00.354Z] GhostDriver - Main - running on port 32928
[INFO  - 2018-06-18T11:49:00.612Z] Session [974d95e0-72ed-11e8-baa2-6fd5c119f33e] - page.settings - {"XSSAuditingEnabled":false,"javascriptCanCloseWindows":true,"javascriptCanOpenWindows":true,"javascriptEnabled":true,"loadImages":true,"localToRemoteUrlAccessEnabled":false,"userAgent":"Mozilla/5.0 (Macintosh; Intel Mac OS X) AppleWebKit/538.1 (KHTML, like Gecko) PhantomJS/2.1.1 Safari/538.1","webSecurityEnabled":true}
[INFO  - 2018-06-18T11:49:00.612Z] Session [974d95e0-72ed-11e8-baa2-6fd5c119f33e] - page.customHeaders:  - {}
[INFO  - 2018-06-18T11:49:00.612Z] Session [974d95e0-72ed-11e8-baa2-6fd5c119f33e] - Session.negotiatedCapabilities - {"browserName":"phantomjs","version":"2.1.1","driverName":"ghostdriver","driverVersion":"1.2.0","platform":"mac-unknown-64bit","javascriptEnabled":true,"takesScreenshot":true,"handlesAlerts":false,"databaseEnabled":false,"locationContextEnabled":false,"applicationCacheEnabled":false,"browserConnectionEnabled":false,"cssSelectorsEnabled":true,"webStorageEnabled":false,"rotatable":false,"acceptSslCerts":false,"nativeEvents":true,"proxy":{"proxyType":"direct"}}
[INFO  - 2018-06-18T11:49:00.612Z] SessionManagerReqHand - _postNewSessionCommand - New Session Created: 974d95e0-72ed-11e8-baa2-6fd5c119f33e
[ERROR - 2018-06-18T11:49:00.684Z] RouterReqHand - _handle.error - {"name":"Missing Command Parameter","message":"{\"headers\":{\"Accept\":\"application/json\",\"Cache-Control\":\"no-cache\",\"Connection\":\"close\",\"Content-Length\":\"2\",\"Content-Type\":\"application/json; charset=utf-8\",\"Host\":\"localhost:32928\",\"Pragma\":\"no-cache\",\"User-Agent\":\"webdriverio/webdriverio/4.12.0\"},\"httpVersion\":\"1.1\",\"method\":\"POST\",\"post\":\"{}\",\"url\":\"/window/fullscreen\",\"urlParsed\":{\"anchor\":\"\",\"query\":\"\",\"file\":\"fullscreen\",\"directory\":\"/window/\",\"path\":\"/window/fullscreen\",\"relative\":\"/window/fullscreen\",\"port\":\"\",\"host\":\"\",\"password\":\"\",\"user\":\"\",\"userInfo\":\"\",\"authority\":\"\",\"protocol\":\"\",\"source\":\"/window/fullscreen\",\"queryKey\":{},\"chunks\":[\"window\",\"fullscreen\"]},\"urlOriginal\":\"/session/974d95e0-72ed-11e8-baa2-6fd5c119f33e/window/fullscreen\"}","line":263,"sourceURL":"phantomjs://code/session_request_handler.js","stack":"_doWindowHandleCommands@phantomjs://code/session_request_handler.js:263:73\n_handle@phantomjs://code/session_request_handler.js:105:36\n_reroute@phantomjs://code/request_handler.js:61:20\n_handle@phantomjs://code/router_request_handler.js:78:46"}
[INFO  - 2018-06-18T11:54:00.363Z] SessionManagerReqHand - _cleanupWindowlessSessions - Asynchronous Sessions clean-up phase starting NOW
[INFO  - 2018-06-18T11:59:00.379Z] SessionManagerReqHand - _cleanupWindowlessSessions - Asynchronous Sessions clean-up phase starting NOW
[INFO  - 2018-06-18T12:04:00.389Z] SessionManagerReqHand - _cleanupWindowlessSessions - Asynchronous Sessions clean-up phase starting NOW
[INFO  - 2018-06-18T12:09:00.399Z] SessionManagerReqHand - _cleanupWindowlessSessions - Asynchronous Sessions clean-up phase starting NOW
[INFO  - 2018-06-18T12:14:00.441Z] SessionManagerReqHand - _cleanupWindowlessSessions - Asynchronous Sessions clean-up phase starting NOW
[INFO  - 2018-06-18T12:14:43.674Z] GhostDriver - Main - running on port 45208
[INFO  - 2018-06-18T12:14:43.793Z] Session [2f1bdc80-72f1-11e8-a32b-193643f7ebdf] - page.settings - {"XSSAuditingEnabled":false,"javascriptCanCloseWindows":true,"javascriptCanOpenWindows":true,"javascriptEnabled":true,"loadImages":true,"localToRemoteUrlAccessEnabled":false,"userAgent":"Mozilla/5.0 (Macintosh; Intel Mac OS X) AppleWebKit/538.1 (KHTML, like Gecko) PhantomJS/2.1.1 Safari/538.1","webSecurityEnabled":true}
[INFO  - 2018-06-18T12:14:43.793Z] Session [2f1bdc80-72f1-11e8-a32b-193643f7ebdf] - page.customHeaders:  - {}
[INFO  - 2018-06-18T12:14:43.794Z] Session [2f1bdc80-72f1-11e8-a32b-193643f7ebdf] - Session.negotiatedCapabilities - {"browserName":"phantomjs","version":"2.1.1","driverName":"ghostdriver","driverVersion":"1.2.0","platform":"mac-unknown-64bit","javascriptEnabled":true,"takesScreenshot":true,"handlesAlerts":false,"databaseEnabled":false,"locationContextEnabled":false,"applicationCacheEnabled":false,"browserConnectionEnabled":false,"cssSelectorsEnabled":true,"webStorageEnabled":false,"rotatable":false,"acceptSslCerts":false,"nativeEvents":true,"proxy":{"proxyType":"direct"}}
[INFO  - 2018-06-18T12:14:43.794Z] SessionManagerReqHand - _postNewSessionCommand - New Session Created: 2f1bdc80-72f1-11e8-a32b-193643f7ebdf
[ERROR - 2018-06-18T12:14:43.886Z] RouterReqHand - _handle.error - {"name":"Missing Command Parameter","message":"{\"headers\":{\"Accept\":\"application/json\",\"Cache-Control\":\"no-cache\",\"Connection\":\"close\",\"Content-Length\":\"2\",\"Content-Type\":\"application/json; charset=utf-8\",\"Host\":\"localhost:45208\",\"Pragma\":\"no-cache\",\"User-Agent\":\"webdriverio/webdriverio/4.12.0\"},\"httpVersion\":\"1.1\",\"method\":\"POST\",\"post\":\"{}\",\"url\":\"/window/fullscreen\",\"urlParsed\":{\"anchor\":\"\",\"query\":\"\",\"file\":\"fullscreen\",\"directory\":\"/window/\",\"path\":\"/window/fullscreen\",\"relative\":\"/window/fullscreen\",\"port\":\"\",\"host\":\"\",\"password\":\"\",\"user\":\"\",\"userInfo\":\"\",\"authority\":\"\",\"protocol\":\"\",\"source\":\"/window/fullscreen\",\"queryKey\":{},\"chunks\":[\"window\",\"fullscreen\"]},\"urlOriginal\":\"/session/2f1bdc80-72f1-11e8-a32b-193643f7ebdf/window/fullscreen\"}","line":263,"sourceURL":"phantomjs://code/session_request_handler.js","stack":"_doWindowHandleCommands@phantomjs://code/session_request_handler.js:263:73\n_handle@phantomjs://code/session_request_handler.js:105:36\n_reroute@phantomjs://code/request_handler.js:61:20\n_handle@phantomjs://code/router_request_handler.js:78:46"}
[INFO  - 2018-06-18T12:19:00.451Z] SessionManagerReqHand - _cleanupWindowlessSessions - Asynchronous Sessions clean-up phase starting NOW
[INFO  - 2018-06-18T12:19:44.056Z] SessionManagerReqHand - _cleanupWindowlessSessions - Asynchronous Sessions clean-up phase starting NOW
[INFO  - 2018-06-18T12:24:00.464Z] SessionManagerReqHand - _cleanupWindowlessSessions - Asynchronous Sessions clean-up phase starting NOW
[INFO  - 2018-06-18T12:24:44.063Z] SessionManagerReqHand - _cleanupWindowlessSessions - Asynchronous Sessions clean-up phase starting NOW
[INFO  - 2018-06-18T12:29:00.470Z] SessionManagerReqHand - _cleanupWindowlessSessions - Asynchronous Sessions clean-up phase starting NOW
[INFO  - 2018-06-18T12:29:44.073Z] SessionManagerReqHand - _cleanupWindowlessSessions - Asynchronous Sessions clean-up phase starting NOW
[INFO  - 2018-06-18T12:34:00.479Z] SessionManagerReqHand - _cleanupWindowlessSessions - Asynchronous Sessions clean-up phase starting NOW
[INFO  - 2018-06-18T12:34:44.082Z] SessionManagerReqHand - _cleanupWindowlessSessions - Asynchronous Sessions clean-up phase starting NOW
[INFO  - 2018-06-18T12:39:00.488Z] SessionManagerReqHand - _cleanupWindowlessSessions - Asynchronous Sessions clean-up phase starting NOW
[INFO  - 2018-06-18T12:39:44.098Z] SessionManagerReqHand - _cleanupWindowlessSessions - Asynchronous Sessions clean-up phase starting NOW
[INFO  - 2018-06-18T12:44:00.523Z] SessionManagerReqHand - _cleanupWindowlessSessions - Asynchronous Sessions clean-up phase starting NOW
[INFO  - 2018-06-18T12:44:44.128Z] SessionManagerReqHand - _cleanupWindowlessSessions - Asynchronous Sessions clean-up phase starting NOW
[INFO  - 2018-06-18T12:49:00.532Z] SessionManagerReqHand - _cleanupWindowlessSessions - Asynchronous Sessions clean-up phase starting NOW
[INFO  - 2018-06-18T12:49:44.137Z] SessionManagerReqHand - _cleanupWindowlessSessions - Asynchronous Sessions clean-up phase starting NOW
[INFO  - 2018-06-18T12:54:00.541Z] SessionManagerReqHand - _cleanupWindowlessSessions - Asynchronous Sessions clean-up phase starting NOW
[INFO  - 2018-06-18T12:54:44.146Z] SessionManagerReqHand - _cleanupWindowlessSessions - Asynchronous Sessions clean-up phase starting NOW
[INFO  - 2018-06-18T12:59:00.564Z] SessionManagerReqHand - _cleanupWindowlessSessions - Asynchronous Sessions clean-up phase starting NOW
[INFO  - 2018-06-18T12:59:44.168Z] SessionManagerReqHand - _cleanupWindowlessSessions - Asynchronous Sessions clean-up phase starting NOW
[INFO  - 2018-06-18T13:04:00.573Z] SessionManagerReqHand - _cleanupWindowlessSessions - Asynchronous Sessions clean-up phase starting NOW
[INFO  - 2018-06-18T13:04:44.179Z] SessionManagerReqHand - _cleanupWindowlessSessions - Asynchronous Sessions clean-up phase starting NOW
[INFO  - 2018-06-18T13:09:00.582Z] SessionManagerReqHand - _cleanupWindowlessSessions - Asynchronous Sessions clean-up phase starting NOW
[INFO  - 2018-06-18T13:09:44.190Z] SessionManagerReqHand - _cleanupWindowlessSessions - Asynchronous Sessions clean-up phase starting NOW
[INFO  - 2018-06-18T13:14:00.598Z] SessionManagerReqHand - _cleanupWindowlessSessions - Asynchronous Sessions clean-up phase starting NOW
[INFO  - 2018-06-18T13:14:44.207Z] SessionManagerReqHand - _cleanupWindowlessSessions - Asynchronous Sessions clean-up phase starting NOW
[INFO  - 2018-06-18T13:19:00.608Z] SessionManagerReqHand - _cleanupWindowlessSessions - Asynchronous Sessions clean-up phase starting NOW
[INFO  - 2018-06-18T13:19:44.218Z] SessionManagerReqHand - _cleanupWindowlessSessions - Asynchronous Sessions clean-up phase starting NOW
[INFO  - 2018-06-18T13:24:00.617Z] SessionManagerReqHand - _cleanupWindowlessSessions - Asynchronous Sessions clean-up phase starting NOW
[INFO  - 2018-06-18T13:24:44.230Z] SessionManagerReqHand - _cleanupWindowlessSessions - Asynchronous Sessions clean-up phase starting NOW
[INFO  - 2018-06-18T13:29:00.646Z] SessionManagerReqHand - _cleanupWindowlessSessions - Asynchronous Sessions clean-up phase starting NOW
[INFO  - 2018-06-18T13:29:44.262Z] SessionManagerReqHand - _cleanupWindowlessSessions - Asynchronous Sessions clean-up phase starting NOW
[INFO  - 2018-06-18T13:34:00.655Z] SessionManagerReqHand - _cleanupWindowlessSessions - Asynchronous Sessions clean-up phase starting NOW
[INFO  - 2018-06-18T13:34:44.275Z] SessionManagerReqHand - _cleanupWindowlessSessions - Asynchronous Sessions clean-up phase starting NOW
[INFO  - 2018-06-18T13:39:00.664Z] SessionManagerReqHand - _cleanupWindowlessSessions - Asynchronous Sessions clean-up phase starting NOW
[INFO  - 2018-06-18T13:39:44.289Z] SessionManagerReqHand - _cleanupWindowlessSessions - Asynchronous Sessions clean-up phase starting NOW
[INFO  - 2018-06-19T11:43:22.382Z] GhostDriver - Main - running on port 16721
[INFO  - 2018-06-19T11:43:22.534Z] Session [f832e540-73b5-11e8-a808-1964c3058ec8] - page.settings - {"XSSAuditingEnabled":false,"javascriptCanCloseWindows":true,"javascriptCanOpenWindows":true,"javascriptEnabled":true,"loadImages":true,"localToRemoteUrlAccessEnabled":false,"userAgent":"Mozilla/5.0 (Macintosh; Intel Mac OS X) AppleWebKit/538.1 (KHTML, like Gecko) PhantomJS/2.1.1 Safari/538.1","webSecurityEnabled":true}
[INFO  - 2018-06-19T11:43:22.534Z] Session [f832e540-73b5-11e8-a808-1964c3058ec8] - page.customHeaders:  - {}
[INFO  - 2018-06-19T11:43:22.535Z] Session [f832e540-73b5-11e8-a808-1964c3058ec8] - Session.negotiatedCapabilities - {"browserName":"phantomjs","version":"2.1.1","driverName":"ghostdriver","driverVersion":"1.2.0","platform":"mac-unknown-64bit","javascriptEnabled":true,"takesScreenshot":true,"handlesAlerts":false,"databaseEnabled":false,"locationContextEnabled":false,"applicationCacheEnabled":false,"browserConnectionEnabled":false,"cssSelectorsEnabled":true,"webStorageEnabled":false,"rotatable":false,"acceptSslCerts":false,"nativeEvents":true,"proxy":{"proxyType":"direct"}}
[INFO  - 2018-06-19T11:43:22.535Z] SessionManagerReqHand - _postNewSessionCommand - New Session Created: f832e540-73b5-11e8-a808-1964c3058ec8
[ERROR - 2018-06-19T11:43:24.418Z] Session [f832e540-73b5-11e8-a808-1964c3058ec8] - page.onError - msg: ReferenceError: Can't find variable: exports
[ERROR - 2018-06-19T11:43:24.418Z] Session [f832e540-73b5-11e8-a808-1964c3058ec8] - page.onError - stack:
  global code (http://learnnew.learnyst.com/assets/application-80043fe3ab10e2714cb1e5219ad5fd4cf58562baca139cefae881093c68f5c69.js:29769)
[ERROR - 2018-06-19T11:43:26.675Z] RouterReqHand - _handle.error - {"name":"Missing Command Parameter","message":"{\"headers\":{\"Accept\":\"application/json\",\"Cache-Control\":\"no-cache\",\"Connection\":\"close\",\"Content-Length\":\"2\",\"Content-Type\":\"application/json; charset=utf-8\",\"Host\":\"localhost:16721\",\"Pragma\":\"no-cache\",\"User-Agent\":\"webdriverio/webdriverio/4.12.0\"},\"httpVersion\":\"1.1\",\"method\":\"POST\",\"post\":\"{}\",\"url\":\"/window/fullscreen\",\"urlParsed\":{\"anchor\":\"\",\"query\":\"\",\"file\":\"fullscreen\",\"directory\":\"/window/\",\"path\":\"/window/fullscreen\",\"relative\":\"/window/fullscreen\",\"port\":\"\",\"host\":\"\",\"password\":\"\",\"user\":\"\",\"userInfo\":\"\",\"authority\":\"\",\"protocol\":\"\",\"source\":\"/window/fullscreen\",\"queryKey\":{},\"chunks\":[\"window\",\"fullscreen\"]},\"urlOriginal\":\"/session/f832e540-73b5-11e8-a808-1964c3058ec8/window/fullscreen\"}","line":263,"sourceURL":"phantomjs://code/session_request_handler.js","stack":"_doWindowHandleCommands@phantomjs://code/session_request_handler.js:263:73\n_handle@phantomjs://code/session_request_handler.js:105:36\n_reroute@phantomjs://code/request_handler.js:61:20\n_handle@phantomjs://code/router_request_handler.js:78:46"}
[ERROR - 2018-06-19T11:43:27.208Z] WebElementLocator - _handleLocateCommand - Element(s) NOT Found: GAVE UP. Search Stop Time: 1529408607204
[ERROR - 2018-06-19T11:43:27.754Z] WebElementLocator - _handleLocateCommand - Element(s) NOT Found: GAVE UP. Search Stop Time: 1529408607703
[ERROR - 2018-06-19T11:43:37.768Z] WebElementLocator - _handleLocateCommand - Element(s) NOT Found: GAVE UP. Search Stop Time: 1529408617711
[ERROR - 2018-06-19T11:43:38.340Z] WebElementLocator - _handleLocateCommand - Element(s) NOT Found: GAVE UP. Search Stop Time: 1529408618294
[ERROR - 2018-06-19T11:43:48.352Z] WebElementLocator - _handleLocateCommand - Element(s) NOT Found: GAVE UP. Search Stop Time: 1529408628298
[ERROR - 2018-06-19T11:43:48.793Z] Session [f832e540-73b5-11e8-a808-1964c3058ec8] - page.onError - msg: ReferenceError: Can't find variable: exports
[ERROR - 2018-06-19T11:43:48.793Z] Session [f832e540-73b5-11e8-a808-1964c3058ec8] - page.onError - stack:
  global code (http://learnnew.learnyst.com/assets/application-80043fe3ab10e2714cb1e5219ad5fd4cf58562baca139cefae881093c68f5c69.js:29769)
[ERROR - 2018-06-19T11:43:49.076Z] RouterReqHand - _handle.error - {"name":"Missing Command Parameter","message":"{\"headers\":{\"Accept\":\"application/json\",\"Cache-Control\":\"no-cache\",\"Connection\":\"close\",\"Content-Length\":\"2\",\"Content-Type\":\"application/json; charset=utf-8\",\"Host\":\"localhost:16721\",\"Pragma\":\"no-cache\",\"User-Agent\":\"webdriverio/webdriverio/4.12.0\"},\"httpVersion\":\"1.1\",\"method\":\"POST\",\"post\":\"{}\",\"url\":\"/window/fullscreen\",\"urlParsed\":{\"anchor\":\"\",\"query\":\"\",\"file\":\"fullscreen\",\"directory\":\"/window/\",\"path\":\"/window/fullscreen\",\"relative\":\"/window/fullscreen\",\"port\":\"\",\"host\":\"\",\"password\":\"\",\"user\":\"\",\"userInfo\":\"\",\"authority\":\"\",\"protocol\":\"\",\"source\":\"/window/fullscreen\",\"queryKey\":{},\"chunks\":[\"window\",\"fullscreen\"]},\"urlOriginal\":\"/session/f832e540-73b5-11e8-a808-1964c3058ec8/window/fullscreen\"}","line":263,"sourceURL":"phantomjs://code/session_request_handler.js","stack":"_doWindowHandleCommands@phantomjs://code/session_request_handler.js:263:73\n_handle@phantomjs://code/session_request_handler.js:105:36\n_reroute@phantomjs://code/request_handler.js:61:20\n_handle@phantomjs://code/router_request_handler.js:78:46"}
[ERROR - 2018-06-19T11:43:49.443Z] WebElementLocator - _handleLocateCommand - Element(s) NOT Found: GAVE UP. Search Stop Time: 1529408629401
[ERROR - 2018-06-19T11:43:49.967Z] WebElementLocator - _handleLocateCommand - Element(s) NOT Found: GAVE UP. Search Stop Time: 1529408629964
[ERROR - 2018-06-19T11:43:59.989Z] WebElementLocator - _handleLocateCommand - Element(s) NOT Found: GAVE UP. Search Stop Time: 1529408639976
[INFO  - 2018-06-19T11:46:28.670Z] GhostDriver - Main - running on port 42815
[INFO  - 2018-06-19T11:46:28.722Z] Session [672ee9d0-73b6-11e8-b186-39df1da55efe] - page.settings - {"XSSAuditingEnabled":false,"javascriptCanCloseWindows":true,"javascriptCanOpenWindows":true,"javascriptEnabled":true,"loadImages":true,"localToRemoteUrlAccessEnabled":false,"userAgent":"Mozilla/5.0 (Macintosh; Intel Mac OS X) AppleWebKit/538.1 (KHTML, like Gecko) PhantomJS/2.1.1 Safari/538.1","webSecurityEnabled":true}
[INFO  - 2018-06-19T11:46:28.722Z] Session [672ee9d0-73b6-11e8-b186-39df1da55efe] - page.customHeaders:  - {}
[INFO  - 2018-06-19T11:46:28.722Z] Session [672ee9d0-73b6-11e8-b186-39df1da55efe] - Session.negotiatedCapabilities - {"browserName":"phantomjs","version":"2.1.1","driverName":"ghostdriver","driverVersion":"1.2.0","platform":"mac-unknown-64bit","javascriptEnabled":true,"takesScreenshot":true,"handlesAlerts":false,"databaseEnabled":false,"locationContextEnabled":false,"applicationCacheEnabled":false,"browserConnectionEnabled":false,"cssSelectorsEnabled":true,"webStorageEnabled":false,"rotatable":false,"acceptSslCerts":false,"nativeEvents":true,"proxy":{"proxyType":"direct"}}
[INFO  - 2018-06-19T11:46:28.722Z] SessionManagerReqHand - _postNewSessionCommand - New Session Created: 672ee9d0-73b6-11e8-b186-39df1da55efe
[ERROR - 2018-06-19T11:46:31.504Z] Session [672ee9d0-73b6-11e8-b186-39df1da55efe] - page.onError - msg: ReferenceError: Can't find variable: exports
[ERROR - 2018-06-19T11:46:31.504Z] Session [672ee9d0-73b6-11e8-b186-39df1da55efe] - page.onError - stack:
  global code (http://learnnew.learnyst.com/assets/application-80043fe3ab10e2714cb1e5219ad5fd4cf58562baca139cefae881093c68f5c69.js:29769)
[ERROR - 2018-06-19T11:46:32.898Z] RouterReqHand - _handle.error - {"name":"Missing Command Parameter","message":"{\"headers\":{\"Accept\":\"application/json\",\"Cache-Control\":\"no-cache\",\"Connection\":\"close\",\"Content-Length\":\"2\",\"Content-Type\":\"application/json; charset=utf-8\",\"Host\":\"localhost:42815\",\"Pragma\":\"no-cache\",\"User-Agent\":\"webdriverio/webdriverio/4.12.0\"},\"httpVersion\":\"1.1\",\"method\":\"POST\",\"post\":\"{}\",\"url\":\"/window/fullscreen\",\"urlParsed\":{\"anchor\":\"\",\"query\":\"\",\"file\":\"fullscreen\",\"directory\":\"/window/\",\"path\":\"/window/fullscreen\",\"relative\":\"/window/fullscreen\",\"port\":\"\",\"host\":\"\",\"password\":\"\",\"user\":\"\",\"userInfo\":\"\",\"authority\":\"\",\"protocol\":\"\",\"source\":\"/window/fullscreen\",\"queryKey\":{},\"chunks\":[\"window\",\"fullscreen\"]},\"urlOriginal\":\"/session/672ee9d0-73b6-11e8-b186-39df1da55efe/window/fullscreen\"}","line":263,"sourceURL":"phantomjs://code/session_request_handler.js","stack":"_doWindowHandleCommands@phantomjs://code/session_request_handler.js:263:73\n_handle@phantomjs://code/session_request_handler.js:105:36\n_reroute@phantomjs://code/request_handler.js:61:20\n_handle@phantomjs://code/router_request_handler.js:78:46"}
[ERROR - 2018-06-19T11:46:33.597Z] WebElementLocator - _handleLocateCommand - Element(s) NOT Found: GAVE UP. Search Stop Time: 1529408793543
[ERROR - 2018-06-19T11:46:34.178Z] WebElementLocator - _handleLocateCommand - Element(s) NOT Found: GAVE UP. Search Stop Time: 1529408794125
[ERROR - 2018-06-19T11:46:44.191Z] WebElementLocator - _handleLocateCommand - Element(s) NOT Found: GAVE UP. Search Stop Time: 1529408804136
[ERROR - 2018-06-19T11:46:44.764Z] WebElementLocator - _handleLocateCommand - Element(s) NOT Found: GAVE UP. Search Stop Time: 1529408804718
[ERROR - 2018-06-19T11:46:54.777Z] WebElementLocator - _handleLocateCommand - Element(s) NOT Found: GAVE UP. Search Stop Time: 1529408814724
[ERROR - 2018-06-19T11:46:55.291Z] Session [672ee9d0-73b6-11e8-b186-39df1da55efe] - page.onError - msg: ReferenceError: Can't find variable: exports
[ERROR - 2018-06-19T11:46:55.291Z] Session [672ee9d0-73b6-11e8-b186-39df1da55efe] - page.onError - stack:
  global code (http://learnnew.learnyst.com/assets/application-80043fe3ab10e2714cb1e5219ad5fd4cf58562baca139cefae881093c68f5c69.js:29769)
[ERROR - 2018-06-19T11:46:55.751Z] RouterReqHand - _handle.error - {"name":"Missing Command Parameter","message":"{\"headers\":{\"Accept\":\"application/json\",\"Cache-Control\":\"no-cache\",\"Connection\":\"close\",\"Content-Length\":\"2\",\"Content-Type\":\"application/json; charset=utf-8\",\"Host\":\"localhost:42815\",\"Pragma\":\"no-cache\",\"User-Agent\":\"webdriverio/webdriverio/4.12.0\"},\"httpVersion\":\"1.1\",\"method\":\"POST\",\"post\":\"{}\",\"url\":\"/window/fullscreen\",\"urlParsed\":{\"anchor\":\"\",\"query\":\"\",\"file\":\"fullscreen\",\"directory\":\"/window/\",\"path\":\"/window/fullscreen\",\"relative\":\"/window/fullscreen\",\"port\":\"\",\"host\":\"\",\"password\":\"\",\"user\":\"\",\"userInfo\":\"\",\"authority\":\"\",\"protocol\":\"\",\"source\":\"/window/fullscreen\",\"queryKey\":{},\"chunks\":[\"window\",\"fullscreen\"]},\"urlOriginal\":\"/session/672ee9d0-73b6-11e8-b186-39df1da55efe/window/fullscreen\"}","line":263,"sourceURL":"phantomjs://code/session_request_handler.js","stack":"_doWindowHandleCommands@phantomjs://code/session_request_handler.js:263:73\n_handle@phantomjs://code/session_request_handler.js:105:36\n_reroute@phantomjs://code/request_handler.js:61:20\n_handle@phantomjs://code/router_request_handler.js:78:46"}
[ERROR - 2018-06-19T11:46:56.128Z] WebElementLocator - _handleLocateCommand - Element(s) NOT Found: GAVE UP. Search Stop Time: 1529408816085
[ERROR - 2018-06-19T11:46:56.700Z] WebElementLocator - _handleLocateCommand - Element(s) NOT Found: GAVE UP. Search Stop Time: 1529408816653
[ERROR - 2018-06-19T11:47:06.700Z] WebElementLocator - _handleLocateCommand - Element(s) NOT Found: GAVE UP. Search Stop Time: 1529408826659
[INFO  - 2018-06-19T11:51:28.839Z] SessionManagerReqHand - _cleanupWindowlessSessions - Asynchronous Sessions clean-up phase starting NOW
[INFO  - 2018-06-19T11:56:28.857Z] SessionManagerReqHand - _cleanupWindowlessSessions - Asynchronous Sessions clean-up phase starting NOW
[INFO  - 2018-06-19T12:01:28.866Z] SessionManagerReqHand - _cleanupWindowlessSessions - Asynchronous Sessions clean-up phase starting NOW
[INFO  - 2018-06-19T12:04:11.994Z] GhostDriver - Main - running on port 44029
[INFO  - 2018-06-19T12:04:12.189Z] Session [e10ef270-73b8-11e8-9ae4-97b3ce9c8b6f] - page.settings - {"XSSAuditingEnabled":false,"javascriptCanCloseWindows":true,"javascriptCanOpenWindows":true,"javascriptEnabled":true,"loadImages":true,"localToRemoteUrlAccessEnabled":false,"userAgent":"Mozilla/5.0 (Macintosh; Intel Mac OS X) AppleWebKit/538.1 (KHTML, like Gecko) PhantomJS/2.1.1 Safari/538.1","webSecurityEnabled":true}
[INFO  - 2018-06-19T12:04:12.190Z] Session [e10ef270-73b8-11e8-9ae4-97b3ce9c8b6f] - page.customHeaders:  - {}
[INFO  - 2018-06-19T12:04:12.190Z] Session [e10ef270-73b8-11e8-9ae4-97b3ce9c8b6f] - Session.negotiatedCapabilities - {"browserName":"phantomjs","version":"2.1.1","driverName":"ghostdriver","driverVersion":"1.2.0","platform":"mac-unknown-64bit","javascriptEnabled":true,"takesScreenshot":true,"handlesAlerts":false,"databaseEnabled":false,"locationContextEnabled":false,"applicationCacheEnabled":false,"browserConnectionEnabled":false,"cssSelectorsEnabled":true,"webStorageEnabled":false,"rotatable":false,"acceptSslCerts":false,"nativeEvents":true,"proxy":{"proxyType":"direct"}}
[INFO  - 2018-06-19T12:04:12.190Z] SessionManagerReqHand - _postNewSessionCommand - New Session Created: e10ef270-73b8-11e8-9ae4-97b3ce9c8b6f
[ERROR - 2018-06-19T12:04:12.769Z] Session [e10ef270-73b8-11e8-9ae4-97b3ce9c8b6f] - page.onError - msg: ReferenceError: Can't find variable: exports
[ERROR - 2018-06-19T12:04:12.774Z] Session [e10ef270-73b8-11e8-9ae4-97b3ce9c8b6f] - page.onError - stack:
  global code (http://learnnew.learnyst.com/assets/application-80043fe3ab10e2714cb1e5219ad5fd4cf58562baca139cefae881093c68f5c69.js:29769)
[ERROR - 2018-06-19T12:04:14.377Z] RouterReqHand - _handle.error - {"name":"Missing Command Parameter","message":"{\"headers\":{\"Accept\":\"application/json\",\"Cache-Control\":\"no-cache\",\"Connection\":\"close\",\"Content-Length\":\"2\",\"Content-Type\":\"application/json; charset=utf-8\",\"Host\":\"localhost:44029\",\"Pragma\":\"no-cache\",\"User-Agent\":\"webdriverio/webdriverio/4.12.0\"},\"httpVersion\":\"1.1\",\"method\":\"POST\",\"post\":\"{}\",\"url\":\"/window/fullscreen\",\"urlParsed\":{\"anchor\":\"\",\"query\":\"\",\"file\":\"fullscreen\",\"directory\":\"/window/\",\"path\":\"/window/fullscreen\",\"relative\":\"/window/fullscreen\",\"port\":\"\",\"host\":\"\",\"password\":\"\",\"user\":\"\",\"userInfo\":\"\",\"authority\":\"\",\"protocol\":\"\",\"source\":\"/window/fullscreen\",\"queryKey\":{},\"chunks\":[\"window\",\"fullscreen\"]},\"urlOriginal\":\"/session/e10ef270-73b8-11e8-9ae4-97b3ce9c8b6f/window/fullscreen\"}","line":263,"sourceURL":"phantomjs://code/session_request_handler.js","stack":"_doWindowHandleCommands@phantomjs://code/session_request_handler.js:263:73\n_handle@phantomjs://code/session_request_handler.js:105:36\n_reroute@phantomjs://code/request_handler.js:61:20\n_handle@phantomjs://code/router_request_handler.js:78:46"}
[ERROR - 2018-06-19T12:04:14.850Z] WebElementLocator - _handleLocateCommand - Element(s) NOT Found: GAVE UP. Search Stop Time: 1529409854799
[ERROR - 2018-06-19T12:04:15.399Z] WebElementLocator - _handleLocateCommand - Element(s) NOT Found: GAVE UP. Search Stop Time: 1529409855395
[ERROR - 2018-06-19T12:04:25.446Z] WebElementLocator - _handleLocateCommand - Element(s) NOT Found: GAVE UP. Search Stop Time: 1529409865402
[ERROR - 2018-06-19T12:04:26.012Z] WebElementLocator - _handleLocateCommand - Element(s) NOT Found: GAVE UP. Search Stop Time: 1529409865968
[ERROR - 2018-06-19T12:04:36.011Z] WebElementLocator - _handleLocateCommand - Element(s) NOT Found: GAVE UP. Search Stop Time: 1529409875975
[ERROR - 2018-06-19T12:04:36.421Z] Session [e10ef270-73b8-11e8-9ae4-97b3ce9c8b6f] - page.onError - msg: ReferenceError: Can't find variable: exports
[ERROR - 2018-06-19T12:04:36.421Z] Session [e10ef270-73b8-11e8-9ae4-97b3ce9c8b6f] - page.onError - stack:
  global code (http://learnnew.learnyst.com/assets/application-80043fe3ab10e2714cb1e5219ad5fd4cf58562baca139cefae881093c68f5c69.js:29769)
[ERROR - 2018-06-19T12:04:36.872Z] RouterReqHand - _handle.error - {"name":"Missing Command Parameter","message":"{\"headers\":{\"Accept\":\"application/json\",\"Cache-Control\":\"no-cache\",\"Connection\":\"close\",\"Content-Length\":\"2\",\"Content-Type\":\"application/json; charset=utf-8\",\"Host\":\"localhost:44029\",\"Pragma\":\"no-cache\",\"User-Agent\":\"webdriverio/webdriverio/4.12.0\"},\"httpVersion\":\"1.1\",\"method\":\"POST\",\"post\":\"{}\",\"url\":\"/window/fullscreen\",\"urlParsed\":{\"anchor\":\"\",\"query\":\"\",\"file\":\"fullscreen\",\"directory\":\"/window/\",\"path\":\"/window/fullscreen\",\"relative\":\"/window/fullscreen\",\"port\":\"\",\"host\":\"\",\"password\":\"\",\"user\":\"\",\"userInfo\":\"\",\"authority\":\"\",\"protocol\":\"\",\"source\":\"/window/fullscreen\",\"queryKey\":{},\"chunks\":[\"window\",\"fullscreen\"]},\"urlOriginal\":\"/session/e10ef270-73b8-11e8-9ae4-97b3ce9c8b6f/window/fullscreen\"}","line":263,"sourceURL":"phantomjs://code/session_request_handler.js","stack":"_doWindowHandleCommands@phantomjs://code/session_request_handler.js:263:73\n_handle@phantomjs://code/session_request_handler.js:105:36\n_reroute@phantomjs://code/request_handler.js:61:20\n_handle@phantomjs://code/router_request_handler.js:78:46"}
[ERROR - 2018-06-19T12:04:37.294Z] WebElementLocator - _handleLocateCommand - Element(s) NOT Found: GAVE UP. Search Stop Time: 1529409877247
[ERROR - 2018-06-19T12:04:37.871Z] WebElementLocator - _handleLocateCommand - Element(s) NOT Found: GAVE UP. Search Stop Time: 1529409877833
[ERROR - 2018-06-19T12:04:47.883Z] WebElementLocator - _handleLocateCommand - Element(s) NOT Found: GAVE UP. Search Stop Time: 1529409887844
[INFO  - 2018-06-19T12:06:28.892Z] SessionManagerReqHand - _cleanupWindowlessSessions - Asynchronous Sessions clean-up phase starting NOW
[INFO  - 2018-06-19T12:09:12.011Z] SessionManagerReqHand - _cleanupWindowlessSessions - Asynchronous Sessions clean-up phase starting NOW
[INFO  - 2018-06-19T12:11:28.897Z] SessionManagerReqHand - _cleanupWindowlessSessions - Asynchronous Sessions clean-up phase starting NOW
[INFO  - 2018-06-19T12:14:12.023Z] SessionManagerReqHand - _cleanupWindowlessSessions - Asynchronous Sessions clean-up phase starting NOW
[INFO  - 2018-06-19T12:16:28.913Z] SessionManagerReqHand - _cleanupWindowlessSessions - Asynchronous Sessions clean-up phase starting NOW
[INFO  - 2018-06-19T12:19:12.038Z] SessionManagerReqHand - _cleanupWindowlessSessions - Asynchronous Sessions clean-up phase starting NOW
[INFO  - 2018-06-19T12:21:28.925Z] SessionManagerReqHand - _cleanupWindowlessSessions - Asynchronous Sessions clean-up phase starting NOW
[INFO  - 2018-06-19T12:24:12.048Z] SessionManagerReqHand - _cleanupWindowlessSessions - Asynchronous Sessions clean-up phase starting NOW
[INFO  - 2018-06-19T12:26:28.940Z] SessionManagerReqHand - _cleanupWindowlessSessions - Asynchronous Sessions clean-up phase starting NOW
[INFO  - 2018-06-19T12:29:12.059Z] SessionManagerReqHand - _cleanupWindowlessSessions - Asynchronous Sessions clean-up phase starting NOW
[INFO  - 2018-06-19T12:31:28.947Z] SessionManagerReqHand - _cleanupWindowlessSessions - Asynchronous Sessions clean-up phase starting NOW
[INFO  - 2018-06-19T12:34:12.075Z] SessionManagerReqHand - _cleanupWindowlessSessions - Asynchronous Sessions clean-up phase starting NOW
[INFO  - 2018-06-19T12:36:28.967Z] SessionManagerReqHand - _cleanupWindowlessSessions - Asynchronous Sessions clean-up phase starting NOW
[INFO  - 2018-06-19T12:39:12.087Z] SessionManagerReqHand - _cleanupWindowlessSessions - Asynchronous Sessions clean-up phase starting NOW
[INFO  - 2018-06-19T12:41:28.978Z] SessionManagerReqHand - _cleanupWindowlessSessions - Asynchronous Sessions clean-up phase starting NOW
[INFO  - 2018-06-19T12:44:12.097Z] SessionManagerReqHand - _cleanupWindowlessSessions - Asynchronous Sessions clean-up phase starting NOW
[INFO  - 2018-06-19T12:46:28.989Z] SessionManagerReqHand - _cleanupWindowlessSessions - Asynchronous Sessions clean-up phase starting NOW
[INFO  - 2018-06-19T12:49:12.109Z] SessionManagerReqHand - _cleanupWindowlessSessions - Asynchronous Sessions clean-up phase starting NOW
[INFO  - 2018-06-19T12:51:29.008Z] SessionManagerReqHand - _cleanupWindowlessSessions - Asynchronous Sessions clean-up phase starting NOW
[INFO  - 2018-06-19T12:54:12.124Z] SessionManagerReqHand - _cleanupWindowlessSessions - Asynchronous Sessions clean-up phase starting NOW
[INFO  - 2018-06-19T12:56:29.022Z] SessionManagerReqHand - _cleanupWindowlessSessions - Asynchronous Sessions clean-up phase starting NOW
[INFO  - 2018-06-19T12:59:12.130Z] SessionManagerReqHand - _cleanupWindowlessSessions - Asynchronous Sessions clean-up phase starting NOW
[INFO  - 2018-06-19T13:01:29.033Z] SessionManagerReqHand - _cleanupWindowlessSessions - Asynchronous Sessions clean-up phase starting NOW
[INFO  - 2018-06-19T13:04:10.859Z] GhostDriver - Main - running on port 19101
[INFO  - 2018-06-19T13:04:11.021Z] Session [4220fa60-73c1-11e8-8dc1-4575080eab7d] - page.settings - {"XSSAuditingEnabled":false,"javascriptCanCloseWindows":true,"javascriptCanOpenWindows":true,"javascriptEnabled":true,"loadImages":true,"localToRemoteUrlAccessEnabled":false,"userAgent":"Mozilla/5.0 (Macintosh; Intel Mac OS X) AppleWebKit/538.1 (KHTML, like Gecko) PhantomJS/2.1.1 Safari/538.1","webSecurityEnabled":true}
[INFO  - 2018-06-19T13:04:11.021Z] Session [4220fa60-73c1-11e8-8dc1-4575080eab7d] - page.customHeaders:  - {}
[INFO  - 2018-06-19T13:04:11.021Z] Session [4220fa60-73c1-11e8-8dc1-4575080eab7d] - Session.negotiatedCapabilities - {"browserName":"phantomjs","version":"2.1.1","driverName":"ghostdriver","driverVersion":"1.2.0","platform":"mac-unknown-64bit","javascriptEnabled":true,"takesScreenshot":true,"handlesAlerts":false,"databaseEnabled":false,"locationContextEnabled":false,"applicationCacheEnabled":false,"browserConnectionEnabled":false,"cssSelectorsEnabled":true,"webStorageEnabled":false,"rotatable":false,"acceptSslCerts":false,"nativeEvents":true,"proxy":{"proxyType":"direct"}}
[INFO  - 2018-06-19T13:04:11.022Z] SessionManagerReqHand - _postNewSessionCommand - New Session Created: 4220fa60-73c1-11e8-8dc1-4575080eab7d
[INFO  - 2018-06-19T13:04:12.155Z] SessionManagerReqHand - _cleanupWindowlessSessions - Asynchronous Sessions clean-up phase starting NOW
[ERROR - 2018-06-19T13:04:12.903Z] Session [4220fa60-73c1-11e8-8dc1-4575080eab7d] - page.onError - msg: ReferenceError: Can't find variable: exports
[ERROR - 2018-06-19T13:04:12.907Z] Session [4220fa60-73c1-11e8-8dc1-4575080eab7d] - page.onError - stack:
  global code (http://learnnew.learnyst.com/assets/application-80043fe3ab10e2714cb1e5219ad5fd4cf58562baca139cefae881093c68f5c69.js:29769)
[ERROR - 2018-06-19T13:04:16.111Z] RouterReqHand - _handle.error - {"name":"Missing Command Parameter","message":"{\"headers\":{\"Accept\":\"application/json\",\"Cache-Control\":\"no-cache\",\"Connection\":\"close\",\"Content-Length\":\"2\",\"Content-Type\":\"application/json; charset=utf-8\",\"Host\":\"localhost:19101\",\"Pragma\":\"no-cache\",\"User-Agent\":\"webdriverio/webdriverio/4.12.0\"},\"httpVersion\":\"1.1\",\"method\":\"POST\",\"post\":\"{}\",\"url\":\"/window/fullscreen\",\"urlParsed\":{\"anchor\":\"\",\"query\":\"\",\"file\":\"fullscreen\",\"directory\":\"/window/\",\"path\":\"/window/fullscreen\",\"relative\":\"/window/fullscreen\",\"port\":\"\",\"host\":\"\",\"password\":\"\",\"user\":\"\",\"userInfo\":\"\",\"authority\":\"\",\"protocol\":\"\",\"source\":\"/window/fullscreen\",\"queryKey\":{},\"chunks\":[\"window\",\"fullscreen\"]},\"urlOriginal\":\"/session/4220fa60-73c1-11e8-8dc1-4575080eab7d/window/fullscreen\"}","line":263,"sourceURL":"phantomjs://code/session_request_handler.js","stack":"_doWindowHandleCommands@phantomjs://code/session_request_handler.js:263:73\n_handle@phantomjs://code/session_request_handler.js:105:36\n_reroute@phantomjs://code/request_handler.js:61:20\n_handle@phantomjs://code/router_request_handler.js:78:46"}
[ERROR - 2018-06-19T13:04:16.517Z] WebElementLocator - _handleLocateCommand - Element(s) NOT Found: GAVE UP. Search Stop Time: 1529413456470
[ERROR - 2018-06-19T13:04:17.056Z] WebElementLocator - _handleLocateCommand - Element(s) NOT Found: GAVE UP. Search Stop Time: 1529413457017
[ERROR - 2018-06-19T13:04:27.074Z] WebElementLocator - _handleLocateCommand - Element(s) NOT Found: GAVE UP. Search Stop Time: 1529413467025
[ERROR - 2018-06-19T13:04:27.634Z] WebElementLocator - _handleLocateCommand - Element(s) NOT Found: GAVE UP. Search Stop Time: 1529413467601
[ERROR - 2018-06-19T13:04:37.656Z] WebElementLocator - _handleLocateCommand - Element(s) NOT Found: GAVE UP. Search Stop Time: 1529413477610
[ERROR - 2018-06-19T13:04:38.030Z] Session [4220fa60-73c1-11e8-8dc1-4575080eab7d] - page.onError - msg: ReferenceError: Can't find variable: exports
[ERROR - 2018-06-19T13:04:38.030Z] Session [4220fa60-73c1-11e8-8dc1-4575080eab7d] - page.onError - stack:
  global code (http://learnnew.learnyst.com/assets/application-80043fe3ab10e2714cb1e5219ad5fd4cf58562baca139cefae881093c68f5c69.js:29769)
[ERROR - 2018-06-19T13:04:38.430Z] RouterReqHand - _handle.error - {"name":"Missing Command Parameter","message":"{\"headers\":{\"Accept\":\"application/json\",\"Cache-Control\":\"no-cache\",\"Connection\":\"close\",\"Content-Length\":\"2\",\"Content-Type\":\"application/json; charset=utf-8\",\"Host\":\"localhost:19101\",\"Pragma\":\"no-cache\",\"User-Agent\":\"webdriverio/webdriverio/4.12.0\"},\"httpVersion\":\"1.1\",\"method\":\"POST\",\"post\":\"{}\",\"url\":\"/window/fullscreen\",\"urlParsed\":{\"anchor\":\"\",\"query\":\"\",\"file\":\"fullscreen\",\"directory\":\"/window/\",\"path\":\"/window/fullscreen\",\"relative\":\"/window/fullscreen\",\"port\":\"\",\"host\":\"\",\"password\":\"\",\"user\":\"\",\"userInfo\":\"\",\"authority\":\"\",\"protocol\":\"\",\"source\":\"/window/fullscreen\",\"queryKey\":{},\"chunks\":[\"window\",\"fullscreen\"]},\"urlOriginal\":\"/session/4220fa60-73c1-11e8-8dc1-4575080eab7d/window/fullscreen\"}","line":263,"sourceURL":"phantomjs://code/session_request_handler.js","stack":"_doWindowHandleCommands@phantomjs://code/session_request_handler.js:263:73\n_handle@phantomjs://code/session_request_handler.js:105:36\n_reroute@phantomjs://code/request_handler.js:61:20\n_handle@phantomjs://code/router_request_handler.js:78:46"}
[ERROR - 2018-06-19T13:04:38.813Z] WebElementLocator - _handleLocateCommand - Element(s) NOT Found: GAVE UP. Search Stop Time: 1529413478782
[ERROR - 2018-06-19T13:04:39.374Z] WebElementLocator - _handleLocateCommand - Element(s) NOT Found: GAVE UP. Search Stop Time: 1529413479337
[ERROR - 2018-06-19T13:04:49.388Z] WebElementLocator - _handleLocateCommand - Element(s) NOT Found: GAVE UP. Search Stop Time: 1529413489347
[INFO  - 2018-06-19T13:06:29.065Z] SessionManagerReqHand - _cleanupWindowlessSessions - Asynchronous Sessions clean-up phase starting NOW
[INFO  - 2018-06-19T13:09:10.876Z] SessionManagerReqHand - _cleanupWindowlessSessions - Asynchronous Sessions clean-up phase starting NOW
[INFO  - 2018-06-19T13:09:12.183Z] SessionManagerReqHand - _cleanupWindowlessSessions - Asynchronous Sessions clean-up phase starting NOW
[INFO  - 2018-06-19T13:11:29.075Z] SessionManagerReqHand - _cleanupWindowlessSessions - Asynchronous Sessions clean-up phase starting NOW
[INFO  - 2018-06-19T13:14:11.050Z] SessionManagerReqHand - _cleanupWindowlessSessions - Asynchronous Sessions clean-up phase starting NOW
[INFO  - 2018-06-19T13:14:12.182Z] SessionManagerReqHand - _cleanupWindowlessSessions - Asynchronous Sessions clean-up phase starting NOW
[INFO  - 2018-06-19T13:16:29.088Z] SessionManagerReqHand - _cleanupWindowlessSessions - Asynchronous Sessions clean-up phase starting NOW
[INFO  - 2018-06-19T13:19:11.073Z] SessionManagerReqHand - _cleanupWindowlessSessions - Asynchronous Sessions clean-up phase starting NOW
[INFO  - 2018-06-19T13:19:12.203Z] SessionManagerReqHand - _cleanupWindowlessSessions - Asynchronous Sessions clean-up phase starting NOW
[INFO  - 2018-06-19T13:21:29.111Z] SessionManagerReqHand - _cleanupWindowlessSessions - Asynchronous Sessions clean-up phase starting NOW
[INFO  - 2018-06-19T13:24:11.087Z] SessionManagerReqHand - _cleanupWindowlessSessions - Asynchronous Sessions clean-up phase starting NOW
[INFO  - 2018-06-19T13:24:12.214Z] SessionManagerReqHand - _cleanupWindowlessSessions - Asynchronous Sessions clean-up phase starting NOW
[INFO  - 2018-06-19T13:26:29.123Z] SessionManagerReqHand - _cleanupWindowlessSessions - Asynchronous Sessions clean-up phase starting NOW
[INFO  - 2018-06-20T07:29:29.219Z] GhostDriver - Main - running on port 15302
[INFO  - 2018-06-20T07:29:30.028Z] Session [ab563640-745b-11e8-8d0c-c7a5a537cd6f] - page.settings - {"XSSAuditingEnabled":false,"javascriptCanCloseWindows":true,"javascriptCanOpenWindows":true,"javascriptEnabled":true,"loadImages":true,"localToRemoteUrlAccessEnabled":false,"userAgent":"Mozilla/5.0 (Macintosh; Intel Mac OS X) AppleWebKit/538.1 (KHTML, like Gecko) PhantomJS/2.1.1 Safari/538.1","webSecurityEnabled":true}
[INFO  - 2018-06-20T07:29:30.028Z] Session [ab563640-745b-11e8-8d0c-c7a5a537cd6f] - page.customHeaders:  - {}
[INFO  - 2018-06-20T07:29:30.028Z] Session [ab563640-745b-11e8-8d0c-c7a5a537cd6f] - Session.negotiatedCapabilities - {"browserName":"phantomjs","version":"2.1.1","driverName":"ghostdriver","driverVersion":"1.2.0","platform":"mac-unknown-64bit","javascriptEnabled":true,"takesScreenshot":true,"handlesAlerts":false,"databaseEnabled":false,"locationContextEnabled":false,"applicationCacheEnabled":false,"browserConnectionEnabled":false,"cssSelectorsEnabled":true,"webStorageEnabled":false,"rotatable":false,"acceptSslCerts":false,"nativeEvents":true,"proxy":{"proxyType":"direct"}}
[INFO  - 2018-06-20T07:29:30.028Z] SessionManagerReqHand - _postNewSessionCommand - New Session Created: ab563640-745b-11e8-8d0c-c7a5a537cd6f
[ERROR - 2018-06-20T07:29:30.487Z] RouterReqHand - _handle.error - {"name":"Variable Resource Not Found","message":"{\"headers\":{\"Accept\":\"text/html, image/gif, image/jpeg, *; q=.2, */*; q=.2\",\"Cache-Control\":\"no-cache\",\"Connection\":\"close\",\"Host\":\"localhost:15302\",\"Pragma\":\"no-cache\",\"User-Agent\":\"Java/1.8.0_172\"},\"httpVersion\":\"1.1\",\"method\":\"DELETE\",\"url\":\"/session/ab563640-745b-11e8-8d0c-c7a5a537cd6f\",\"urlParsed\":{\"anchor\":\"\",\"query\":\"\",\"file\":\"ab563640-745b-11e8-8d0c-c7a5a537cd6f\",\"directory\":\"/session/\",\"path\":\"/session/ab563640-745b-11e8-8d0c-c7a5a537cd6f\",\"relative\":\"/session/ab563640-745b-11e8-8d0c-c7a5a537cd6f\",\"port\":\"\",\"host\":\"\",\"password\":\"\",\"user\":\"\",\"userInfo\":\"\",\"authority\":\"\",\"protocol\":\"\",\"source\":\"/session/ab563640-745b-11e8-8d0c-c7a5a537cd6f\",\"queryKey\":{},\"chunks\":[\"session\",\"ab563640-745b-11e8-8d0c-c7a5a537cd6f\"]}}","line":123,"sourceURL":"phantomjs://code/session_manager_request_handler.js","stack":"_deleteSessionCommand@phantomjs://code/session_manager_request_handler.js:123:74\n_handle@phantomjs://code/session_manager_request_handler.js:53:38\n_handle@phantomjs://code/router_request_handler.js:70:37"}
[INFO  - 2018-06-20T07:29:30.493Z] ShutdownReqHand - _handle - About to shutdown
[INFO  - 2018-06-20T07:29:58.941Z] GhostDriver - Main - running on port 26336
[INFO  - 2018-06-20T07:29:59.003Z] Session [bc9c0e70-745b-11e8-bd40-5d66b9660ccd] - page.settings - {"XSSAuditingEnabled":false,"javascriptCanCloseWindows":true,"javascriptCanOpenWindows":true,"javascriptEnabled":true,"loadImages":true,"localToRemoteUrlAccessEnabled":false,"userAgent":"Mozilla/5.0 (Macintosh; Intel Mac OS X) AppleWebKit/538.1 (KHTML, like Gecko) PhantomJS/2.1.1 Safari/538.1","webSecurityEnabled":true}
[INFO  - 2018-06-20T07:29:59.004Z] Session [bc9c0e70-745b-11e8-bd40-5d66b9660ccd] - page.customHeaders:  - {}
[INFO  - 2018-06-20T07:29:59.004Z] Session [bc9c0e70-745b-11e8-bd40-5d66b9660ccd] - Session.negotiatedCapabilities - {"browserName":"phantomjs","version":"2.1.1","driverName":"ghostdriver","driverVersion":"1.2.0","platform":"mac-unknown-64bit","javascriptEnabled":true,"takesScreenshot":true,"handlesAlerts":false,"databaseEnabled":false,"locationContextEnabled":false,"applicationCacheEnabled":false,"browserConnectionEnabled":false,"cssSelectorsEnabled":true,"webStorageEnabled":false,"rotatable":false,"acceptSslCerts":false,"nativeEvents":true,"proxy":{"proxyType":"direct"}}
[INFO  - 2018-06-20T07:29:59.004Z] SessionManagerReqHand - _postNewSessionCommand - New Session Created: bc9c0e70-745b-11e8-bd40-5d66b9660ccd
[ERROR - 2018-06-20T07:30:00.445Z] Session [bc9c0e70-745b-11e8-bd40-5d66b9660ccd] - page.onError - msg: ReferenceError: Can't find variable: exports
[ERROR - 2018-06-20T07:30:00.445Z] Session [bc9c0e70-745b-11e8-bd40-5d66b9660ccd] - page.onError - stack:
  global code (http://learnnew.learnyst.com/assets/application-80043fe3ab10e2714cb1e5219ad5fd4cf58562baca139cefae881093c68f5c69.js:29769)
[ERROR - 2018-06-20T07:30:01.606Z] RouterReqHand - _handle.error - {"name":"Missing Command Parameter","message":"{\"headers\":{\"Accept\":\"application/json\",\"Cache-Control\":\"no-cache\",\"Connection\":\"close\",\"Content-Length\":\"2\",\"Content-Type\":\"application/json; charset=utf-8\",\"Host\":\"localhost:26336\",\"Pragma\":\"no-cache\",\"User-Agent\":\"webdriverio/webdriverio/4.12.0\"},\"httpVersion\":\"1.1\",\"method\":\"POST\",\"post\":\"{}\",\"url\":\"/window/fullscreen\",\"urlParsed\":{\"anchor\":\"\",\"query\":\"\",\"file\":\"fullscreen\",\"directory\":\"/window/\",\"path\":\"/window/fullscreen\",\"relative\":\"/window/fullscreen\",\"port\":\"\",\"host\":\"\",\"password\":\"\",\"user\":\"\",\"userInfo\":\"\",\"authority\":\"\",\"protocol\":\"\",\"source\":\"/window/fullscreen\",\"queryKey\":{},\"chunks\":[\"window\",\"fullscreen\"]},\"urlOriginal\":\"/session/bc9c0e70-745b-11e8-bd40-5d66b9660ccd/window/fullscreen\"}","line":263,"sourceURL":"phantomjs://code/session_request_handler.js","stack":"_doWindowHandleCommands@phantomjs://code/session_request_handler.js:263:73\n_handle@phantomjs://code/session_request_handler.js:105:36\n_reroute@phantomjs://code/request_handler.js:61:20\n_handle@phantomjs://code/router_request_handler.js:78:46"}
[ERROR - 2018-06-20T07:30:02.103Z] WebElementLocator - _handleLocateCommand - Element(s) NOT Found: GAVE UP. Search Stop Time: 1529479802052
[ERROR - 2018-06-20T07:30:14.355Z] RouterReqHand - _handle.error - {"name":"Variable Resource Not Found","message":"{\"headers\":{\"Accept\":\"text/html, image/gif, image/jpeg, *; q=.2, */*; q=.2\",\"Cache-Control\":\"no-cache\",\"Connection\":\"close\",\"Host\":\"localhost:26336\",\"Pragma\":\"no-cache\",\"User-Agent\":\"Java/1.8.0_172\"},\"httpVersion\":\"1.1\",\"method\":\"DELETE\",\"url\":\"/session/bc9c0e70-745b-11e8-bd40-5d66b9660ccd\",\"urlParsed\":{\"anchor\":\"\",\"query\":\"\",\"file\":\"bc9c0e70-745b-11e8-bd40-5d66b9660ccd\",\"directory\":\"/session/\",\"path\":\"/session/bc9c0e70-745b-11e8-bd40-5d66b9660ccd\",\"relative\":\"/session/bc9c0e70-745b-11e8-bd40-5d66b9660ccd\",\"port\":\"\",\"host\":\"\",\"password\":\"\",\"user\":\"\",\"userInfo\":\"\",\"authority\":\"\",\"protocol\":\"\",\"source\":\"/session/bc9c0e70-745b-11e8-bd40-5d66b9660ccd\",\"queryKey\":{},\"chunks\":[\"session\",\"bc9c0e70-745b-11e8-bd40-5d66b9660ccd\"]}}","line":123,"sourceURL":"phantomjs://code/session_manager_request_handler.js","stack":"_deleteSessionCommand@phantomjs://code/session_manager_request_handler.js:123:74\n_handle@phantomjs://code/session_manager_request_handler.js:53:38\n_handle@phantomjs://code/router_request_handler.js:70:37"}
[INFO  - 2018-06-20T07:30:14.360Z] ShutdownReqHand - _handle - About to shutdown
[INFO  - 2018-06-20T07:30:23.552Z] GhostDriver - Main - running on port 11492
[INFO  - 2018-06-20T07:30:23.628Z] Session [cb496170-745b-11e8-93b0-bb58a8a86f3f] - page.settings - {"XSSAuditingEnabled":false,"javascriptCanCloseWindows":true,"javascriptCanOpenWindows":true,"javascriptEnabled":true,"loadImages":true,"localToRemoteUrlAccessEnabled":false,"userAgent":"Mozilla/5.0 (Macintosh; Intel Mac OS X) AppleWebKit/538.1 (KHTML, like Gecko) PhantomJS/2.1.1 Safari/538.1","webSecurityEnabled":true}
[INFO  - 2018-06-20T07:30:23.629Z] Session [cb496170-745b-11e8-93b0-bb58a8a86f3f] - page.customHeaders:  - {}
[INFO  - 2018-06-20T07:30:23.629Z] Session [cb496170-745b-11e8-93b0-bb58a8a86f3f] - Session.negotiatedCapabilities - {"browserName":"phantomjs","version":"2.1.1","driverName":"ghostdriver","driverVersion":"1.2.0","platform":"mac-unknown-64bit","javascriptEnabled":true,"takesScreenshot":true,"handlesAlerts":false,"databaseEnabled":false,"locationContextEnabled":false,"applicationCacheEnabled":false,"browserConnectionEnabled":false,"cssSelectorsEnabled":true,"webStorageEnabled":false,"rotatable":false,"acceptSslCerts":false,"nativeEvents":true,"proxy":{"proxyType":"direct"}}
[INFO  - 2018-06-20T07:30:23.629Z] SessionManagerReqHand - _postNewSessionCommand - New Session Created: cb496170-745b-11e8-93b0-bb58a8a86f3f
[ERROR - 2018-06-20T07:30:25.023Z] Session [cb496170-745b-11e8-93b0-bb58a8a86f3f] - page.onError - msg: ReferenceError: Can't find variable: exports
[ERROR - 2018-06-20T07:30:25.023Z] Session [cb496170-745b-11e8-93b0-bb58a8a86f3f] - page.onError - stack:
  global code (http://learnnew.learnyst.com/assets/application-80043fe3ab10e2714cb1e5219ad5fd4cf58562baca139cefae881093c68f5c69.js:29769)
[ERROR - 2018-06-20T07:30:26.283Z] RouterReqHand - _handle.error - {"name":"Missing Command Parameter","message":"{\"headers\":{\"Accept\":\"application/json\",\"Cache-Control\":\"no-cache\",\"Connection\":\"close\",\"Content-Length\":\"2\",\"Content-Type\":\"application/json; charset=utf-8\",\"Host\":\"localhost:11492\",\"Pragma\":\"no-cache\",\"User-Agent\":\"webdriverio/webdriverio/4.12.0\"},\"httpVersion\":\"1.1\",\"method\":\"POST\",\"post\":\"{}\",\"url\":\"/window/fullscreen\",\"urlParsed\":{\"anchor\":\"\",\"query\":\"\",\"file\":\"fullscreen\",\"directory\":\"/window/\",\"path\":\"/window/fullscreen\",\"relative\":\"/window/fullscreen\",\"port\":\"\",\"host\":\"\",\"password\":\"\",\"user\":\"\",\"userInfo\":\"\",\"authority\":\"\",\"protocol\":\"\",\"source\":\"/window/fullscreen\",\"queryKey\":{},\"chunks\":[\"window\",\"fullscreen\"]},\"urlOriginal\":\"/session/cb496170-745b-11e8-93b0-bb58a8a86f3f/window/fullscreen\"}","line":263,"sourceURL":"phantomjs://code/session_request_handler.js","stack":"_doWindowHandleCommands@phantomjs://code/session_request_handler.js:263:73\n_handle@phantomjs://code/session_request_handler.js:105:36\n_reroute@phantomjs://code/request_handler.js:61:20\n_handle@phantomjs://code/router_request_handler.js:78:46"}
[ERROR - 2018-06-20T07:30:26.680Z] WebElementLocator - _handleLocateCommand - Element(s) NOT Found: GAVE UP. Search Stop Time: 1529479826628
[ERROR - 2018-06-20T07:30:40.863Z] RouterReqHand - _handle.error - {"name":"Variable Resource Not Found","message":"{\"headers\":{\"Accept\":\"text/html, image/gif, image/jpeg, *; q=.2, */*; q=.2\",\"Cache-Control\":\"no-cache\",\"Connection\":\"close\",\"Host\":\"localhost:11492\",\"Pragma\":\"no-cache\",\"User-Agent\":\"Java/1.8.0_172\"},\"httpVersion\":\"1.1\",\"method\":\"DELETE\",\"url\":\"/session/cb496170-745b-11e8-93b0-bb58a8a86f3f\",\"urlParsed\":{\"anchor\":\"\",\"query\":\"\",\"file\":\"cb496170-745b-11e8-93b0-bb58a8a86f3f\",\"directory\":\"/session/\",\"path\":\"/session/cb496170-745b-11e8-93b0-bb58a8a86f3f\",\"relative\":\"/session/cb496170-745b-11e8-93b0-bb58a8a86f3f\",\"port\":\"\",\"host\":\"\",\"password\":\"\",\"user\":\"\",\"userInfo\":\"\",\"authority\":\"\",\"protocol\":\"\",\"source\":\"/session/cb496170-745b-11e8-93b0-bb58a8a86f3f\",\"queryKey\":{},\"chunks\":[\"session\",\"cb496170-745b-11e8-93b0-bb58a8a86f3f\"]}}","line":123,"sourceURL":"phantomjs://code/session_manager_request_handler.js","stack":"_deleteSessionCommand@phantomjs://code/session_manager_request_handler.js:123:74\n_handle@phantomjs://code/session_manager_request_handler.js:53:38\n_handle@phantomjs://code/router_request_handler.js:70:37"}
[INFO  - 2018-06-20T07:30:40.868Z] ShutdownReqHand - _handle - About to shutdown
